<?xml version="1.0" encoding="UTF-8"?>
<!-- Generated by org.testng.reporters.JUnitReportReporter -->
<testsuite hostname="LAPTOP-EEAS1CV9" failures="0" tests="1" name="TestScript.ValidLoginTest" time="1.617" errors="0" timestamp="14 Sept 2024 06:59:54 GMT" skipped="0">
  <testcase classname="TestScript.ValidLoginTest" name="login" time="1.617"/>
</testsuite> <!-- TestScript.ValidLoginTest -->
